pnlAddPane();
nil
1
designOpen("c:\\users\\timer\\documents\\github\\hspice\\op\\subvthop_twostage\\trypolezero\\my-op_2stage.sp");
"D0"
t
pnlAddCurve(1, node(D0,"A0","par(gainall)"), node(D0,"A0","HERTZ"));
nil
pnlAddCurve(1, node(D0,"A0","par(phaseall)"), node(D0,"A0","HERTZ"));
nil
pnlUnselectPane(1, 0);
nil
pnlSelectPane(1);
nil
updateAll();
t
updateAll();
t
pnlUnselectPane(1, 0);
nil
pnlSelectPane(1);
nil
updateAll();
t
pnlUnselectPane(1, 0);
nil
pnlSelectPane(1);
nil
pnlUnselectPane(1, 0);
nil
pnlSelectPane(1);
nil
pnlDeletePane(1, 0);
nil
nil
pnlAddPane();
nil
1
quit();
exit
pnlDeletePane(1, 1);
nil
nil
