pnlAddPane();
nil
1
designOpen("c:\\users\\timer\\documents\\github\\hspice\\035lib\\sizeandcurrent\\current.sp");
"D0"
t
pnlAddCurve(1, node(D0,"A0","i(mp)"), node(D0,"A0","VOLTS"));
nil
pnlUnselectPane(1, 0);
nil
pnlSelectPane(1);
nil
updateAll();
t
pnlUnselectPane(1, 0);
nil
pnlSelectPane(1);
nil
pnlUnselectPane(1, 0);
nil
pnlSelectPane(1);
nil
updateAll();
t
pnlUnselectPane(1, 0);
nil
pnlSelectPane(1);
nil
updateAll();
t
pnlAddCurve(1, node(D0,"A0","i(mn)"), node(D0,"A0","VOLTS"));
nil
pnlUnselectPane(1, 0);
nil
pnlSelectPane(1);
nil
pnlDelCurve(1, node(D0,"A0","i(mn)"), node(D0,"A0","VOLTS"));
nil
pnlAddCurve(1, node(D0,"A0","i(mn)"), node(D0,"A0","VOLTS"));
nil
pnlUnselectPane(1, 0);
nil
pnlSelectPane(1);
nil
pnlUnselectPane(1, 0);
nil
pnlSelectPane(1);
nil
updateAll();
t
pnlAddCurve(1, node(D0,"A0","i(mn)"), node(D0,"A0","wx"));
nil
pnlUnselectPane(1, 0);
nil
pnlSelectPane(1);
nil
pnlUnselectPane(1, 0);
nil
pnlSelectPane(1);
nil
updateAll();
t
pnlUnselectPane(1, 0);
nil
pnlSelectPane(1);
nil
updateAll();
t
pnlUnselectPane(1, 0);
nil
pnlSelectPane(1);
nil
updateAll();
t
pnlUnselectPane(1, 0);
nil
pnlSelectPane(1);
nil
updateAll();
t
pnlUnselectPane(1, 0);
nil
pnlSelectPane(1);
nil
updateAll();
t
pnlUnselectPane(1, 0);
nil
pnlSelectPane(1);
nil
updateAll();
t
pnlUnselectPane(1, 0);
nil
pnlSelectPane(1);
nil
updateAll();
t
quit();
exit
pnlDeletePane(1, 1);
nil
nil
