pnlAddPane();
nil
1
designOpen("c:\\users\\timer\\documents\\github\\hspice\\op\\035\\subvthop_twostage\\my-op_2stage.sp");
"D0"
t
pnlAddCurve(1, node(D0,"A0","par(gain1st)"), node(D0,"A0","HERTZ"));
nil
pnlUnselectPane(1, 0);
nil
pnlSelectPane(1);
nil
updateAll();
t
pnlUnselectPane(1, 0);
nil
pnlSelectPane(1);
nil
updateAll();
t
pnlAddCurve(1, node(D0,"A0","onoise(outnoise))"), node(D0,"A0","onoise(nd(mb))"));
nil
pnlAddPane();
nil
nil
2
pnlUnselectPane(2, 0);
nil
pnlSelectPane(2);
nil
pnlAddCurve(2, node(D0,"A0","onoise(outnoise))"), node(D0,"A0","onoise(nd(mb))"));
nil
pnlUnselectPane(2, 0);
nil
pnlSelectPane(2);
nil
pnlUnselectPane(2, 0);
nil
pnlSelectPane(2);
nil
pnlUnselectPane(2, 0);
nil
pnlSelectPane(1);
nil
pnlUnselectPane(1, 0);
nil
pnlSelectPane(1);
nil
pnlUnselectPane(1, 0);
nil
pnlSelectPane(1);
nil
pnlAddCurve(1, node(D0,"A0","par(phase1st)"), node(D0,"A0","onoise(nd(mb))"));
nil
pnlAddCurve(1, node(D0,"A0","par(phase1st)"), node(D0,"A0","HERTZ"));
nil
pnlUnselectPane(1, 0);
nil
pnlSelectPane(1);
nil
pnlUnselectPane(1, 0);
nil
pnlSelectPane(2);
nil
pnlUnselectPane(2, 0);
nil
pnlSelectPane(2);
nil
pnlDeletePane(2, 1);
nil
nil
nil
pnlDeletePane(1, 1);
nil
nil
